<?xml version="1.0" encoding="UTF-8"?>
<!-- Generated by org.testng.reporters.JUnitReportReporter -->
<testsuite hostname="MPL-BRF5CS3" name="com.india.apitest.businessLogics.BusinessTest" tests="2" failures="0" timestamp="12 Apr 2023 06:09:51 GMT" time="5.270" errors="0">
  <testcase name="validAPITest" time="0.997" classname="com.india.apitest.businessLogics.BusinessTest"/>
  <testcase name="validAPITest" time="4.273" classname="com.india.apitest.businessLogics.BusinessTest"/>
</testsuite> <!-- com.india.apitest.businessLogics.BusinessTest -->
